C:\CHAT2\DEBUG\CHAT.EXE
C:\CHAT2\DEBUG\CHAT.ILK
C:\CHAT2\DEBUG\CHAT.PDB
C:\CHAT2\DEBUG\MOC_CHAT.CPP
C:\CHAT2\DEBUG\MOC_TCPCLIENT.CPP
C:\CHAT2\DEBUG\MOC_TCPSERVER.CPP
C:\CHAT2\DEBUG\MOC_WIDGET.CPP
C:\CHAT2\GENERATEDFILES\QRC_RESOURCE.CPP
C:\CHAT2\GENERATEDFILES\UI_CHAT.H
C:\CHAT2\GENERATEDFILES\UI_TCPCLIENT.H
C:\CHAT2\GENERATEDFILES\UI_TCPSERVER.H
C:\CHAT2\GENERATEDFILES\UI_WIDGET.H
C:\CHAT2\WIN32\DEBUG\CHAT.EXE.INTERMEDIATE.MANIFEST
C:\CHAT2\WIN32\DEBUG\CHAT.OBJ
C:\chat2\Win32\Debug\cl.command.1.tlog
C:\chat2\Win32\Debug\CL.read.1.tlog
C:\chat2\Win32\Debug\CL.write.1.tlog
C:\chat2\Win32\Debug\custombuild.command.1.tlog
C:\chat2\Win32\Debug\custombuild.read.1.tlog
C:\chat2\Win32\Debug\custombuild.write.1.tlog
C:\CHAT2\WIN32\DEBUG\ICON.RES
C:\chat2\Win32\Debug\link.command.1.tlog
C:\chat2\Win32\Debug\link.read.1.tlog
C:\chat2\Win32\Debug\link.write.1.tlog
C:\chat2\Win32\Debug\link-cvtres.read.1.tlog
C:\chat2\Win32\Debug\link-cvtres.write.1.tlog
C:\CHAT2\WIN32\DEBUG\MAIN.OBJ
C:\CHAT2\WIN32\DEBUG\MOC_CHAT.OBJ
C:\CHAT2\WIN32\DEBUG\MOC_TCPCLIENT.OBJ
C:\CHAT2\WIN32\DEBUG\MOC_TCPSERVER.OBJ
C:\CHAT2\WIN32\DEBUG\MOC_WIDGET.OBJ
C:\chat2\Win32\Debug\mt.command.1.tlog
C:\chat2\Win32\Debug\mt.read.1.tlog
C:\chat2\Win32\Debug\mt.write.1.tlog
C:\CHAT2\WIN32\DEBUG\QRC_RESOURCE.OBJ
C:\chat2\Win32\Debug\rc.command.1.tlog
C:\chat2\Win32\Debug\rc.read.1.tlog
C:\chat2\Win32\Debug\rc.write.1.tlog
C:\CHAT2\WIN32\DEBUG\TCPCLIENT.OBJ
C:\CHAT2\WIN32\DEBUG\TCPSERVER.OBJ
C:\CHAT2\WIN32\DEBUG\VC100.PDB
C:\CHAT2\WIN32\DEBUG\WIDGET.OBJ
debug\chat.ilk
debug\chat.pdb
